2022-11-08 13:37:04.205  INFO 16144 --- [main] c.r.taxservice.TaxserviceApplication     : Starting TaxserviceApplication using Java 19 on DESKTOP-JIUFA6F with PID 16144 (E:\Repositories\rekeningrijden\taxservice\target\classes started by Rien Hannewijk in E:\Repositories\rekeningrijden\taxservice)
2022-11-08 13:37:04.207  INFO 16144 --- [main] c.r.taxservice.TaxserviceApplication     : No active profile set, falling back to 1 default profile: "default"
2022-11-08 13:37:04.642  INFO 16144 --- [main] .s.d.r.c.RepositoryConfigurationDelegate : Bootstrapping Spring Data JPA repositories in DEFAULT mode.
2022-11-08 13:37:04.667  INFO 16144 --- [main] .s.d.r.c.RepositoryConfigurationDelegate : Finished Spring Data repository scanning in 20 ms. Found 3 JPA repository interfaces.
2022-11-08 13:37:04.941  INFO 16144 --- [main] o.s.b.w.embedded.tomcat.TomcatWebServer  : Tomcat initialized with port(s): 8080 (http)
2022-11-08 13:37:04.947  INFO 16144 --- [main] o.apache.catalina.core.StandardService   : Starting service [Tomcat]
2022-11-08 13:37:04.947  INFO 16144 --- [main] org.apache.catalina.core.StandardEngine  : Starting Servlet engine: [Apache Tomcat/9.0.68]
2022-11-08 13:37:05.009  INFO 16144 --- [main] o.a.c.c.C.[Tomcat].[localhost].[/]       : Initializing Spring embedded WebApplicationContext
2022-11-08 13:37:05.009  INFO 16144 --- [main] w.s.c.ServletWebServerApplicationContext : Root WebApplicationContext: initialization completed in 776 ms
2022-11-08 13:37:05.089  INFO 16144 --- [main] com.zaxxer.hikari.HikariDataSource       : HikariPool-1 - Starting...
2022-11-08 13:37:05.163  INFO 16144 --- [main] com.zaxxer.hikari.HikariDataSource       : HikariPool-1 - Start completed.
2022-11-08 13:37:05.191  INFO 16144 --- [main] o.hibernate.jpa.internal.util.LogHelper  : HHH000204: Processing PersistenceUnitInfo [name: default]
2022-11-08 13:37:05.209  INFO 16144 --- [main] org.hibernate.Version                    : HHH000412: Hibernate ORM core version 5.6.12.Final
2022-11-08 13:37:05.268  INFO 16144 --- [main] o.hibernate.annotations.common.Version   : HCANN000001: Hibernate Commons Annotations {5.1.2.Final}
2022-11-08 13:37:05.311  INFO 16144 --- [main] org.hibernate.dialect.Dialect            : HHH000400: Using dialect: org.hibernate.dialect.H2Dialect
2022-11-08 13:37:05.554  INFO 16144 --- [main] o.h.e.t.j.p.i.JtaPlatformInitiator       : HHH000490: Using JtaPlatform implementation: [org.hibernate.engine.transaction.jta.platform.internal.NoJtaPlatform]
2022-11-08 13:37:05.558  INFO 16144 --- [main] j.LocalContainerEntityManagerFactoryBean : Initialized JPA EntityManagerFactory for persistence unit 'default'
2022-11-08 13:37:05.633  WARN 16144 --- [main] JpaBaseConfiguration$JpaWebConfiguration : spring.jpa.open-in-view is enabled by default. Therefore, database queries may be performed during view rendering. Explicitly configure spring.jpa.open-in-view to disable this warning
2022-11-08 13:37:06.088  WARN 16144 --- [main] .s.s.UserDetailsServiceAutoConfiguration : 

Using generated security password: 22054c0c-beeb-41e6-905c-9d18f84e5924

This generated password is for development use only. Your security configuration must be updated before running your application in production.

2022-11-08 13:37:06.132  INFO 16144 --- [main] o.s.s.web.DefaultSecurityFilterChain     : Will secure any request with [org.springframework.security.web.session.DisableEncodeUrlFilter@39a30d1a, org.springframework.security.web.context.request.async.WebAsyncManagerIntegrationFilter@670ae31f, org.springframework.security.web.context.SecurityContextPersistenceFilter@50d4775b, org.springframework.security.web.header.HeaderWriterFilter@3e18e693, org.springframework.security.web.csrf.CsrfFilter@57f89680, org.springframework.security.web.authentication.logout.LogoutFilter@37cc6017, org.springframework.security.web.authentication.UsernamePasswordAuthenticationFilter@58d79479, org.springframework.security.web.authentication.ui.DefaultLoginPageGeneratingFilter@6bfdaed7, org.springframework.security.web.authentication.ui.DefaultLogoutPageGeneratingFilter@1958524b, org.springframework.security.web.authentication.www.BasicAuthenticationFilter@470a446f, org.springframework.security.web.savedrequest.RequestCacheAwareFilter@345540f9, org.springframework.security.web.servletapi.SecurityContextHolderAwareRequestFilter@37344d31, org.springframework.security.web.authentication.AnonymousAuthenticationFilter@129aaac1, org.springframework.security.web.session.SessionManagementFilter@57fc6759, org.springframework.security.web.access.ExceptionTranslationFilter@6f36e806, org.springframework.security.web.access.intercept.FilterSecurityInterceptor@46d51d5e]
2022-11-08 13:37:06.160  INFO 16144 --- [main] o.s.b.w.embedded.tomcat.TomcatWebServer  : Tomcat started on port(s): 8080 (http) with context path ''
2022-11-08 13:37:06.167  INFO 16144 --- [main] c.r.taxservice.TaxserviceApplication     : Started TaxserviceApplication in 2.202 seconds (JVM running for 2.681)
2022-11-08 13:37:17.262  INFO 16144 --- [SpringApplicationShutdownHook] j.LocalContainerEntityManagerFactoryBean : Closing JPA EntityManagerFactory for persistence unit 'default'
2022-11-08 13:37:17.263  INFO 16144 --- [SpringApplicationShutdownHook] .SchemaDropperImpl$DelayedDropActionImpl : HHH000477: Starting delayed evictData of schema as part of SessionFactory shut-down'
2022-11-08 13:37:17.453  INFO 16144 --- [SpringApplicationShutdownHook] com.zaxxer.hikari.HikariDataSource       : HikariPool-1 - Shutdown initiated...
2022-11-08 13:37:17.454  INFO 16144 --- [SpringApplicationShutdownHook] com.zaxxer.hikari.HikariDataSource       : HikariPool-1 - Shutdown completed.
